<?xml version="1.0" encoding="UTF-8"?>
<testng-results skipped="0" failed="1" ignored="0" total="3" passed="2">
  <reporter-output>
  </reporter-output>
  <suite name="Suite" duration-ms="36648" started-at="2020-06-19T17:40:44 PDT" finished-at="2020-06-19T17:41:20 PDT">
    <groups>
    </groups>
    <test name="LoginTest" duration-ms="10352" started-at="2020-06-19T17:40:44 PDT" finished-at="2020-06-19T17:40:54 PDT">
      <class name="LoginTest.login">
        <test-method status="PASS" signature="launchApp()[pri:0, instance:LoginTest.login@276438c9]" name="launchApp" is-config="true" duration-ms="6779" started-at="2020-06-19T17:40:44 PDT" finished-at="2020-06-19T17:40:50 PDT">
          <reporter-output>
          </reporter-output>
        </test-method> <!-- launchApp -->
        <test-method status="FAIL" signature="validateUserLogin(java.lang.String, java.lang.String)[pri:0, instance:LoginTest.login@276438c9]" name="validateUserLogin" duration-ms="2700" started-at="2020-06-19T17:40:50 PDT" data-provider="userData" finished-at="2020-06-19T17:40:53 PDT">
          <params>
            <param index="0">
              <value>
                <![CDATA[varsha.ks@salesforce.com]]>
              </value>
            </param>
            <param index="1">
              <value>
                <![CDATA[test123]]>
              </value>
            </param>
          </params>
          <exception class="org.openqa.selenium.NoSuchElementException">
            <message>
              <![CDATA[no such element: Unable to locate element: {"method":"css selector","selector":"#phHeaderLogoImage"}
  (Session info: chrome=83.0.4103.106)
For documentation on this error, please visit: https://www.seleniumhq.org/exceptions/no_such_element.html
Build info: version: '3.141.59', revision: 'e82be7d358', time: '2018-11-14T08:17:03'
System info: host: 'VARSHA', ip: '192.168.1.9', os.name: 'Windows 10', os.arch: 'amd64', os.version: '10.0', java.version: '1.8.0_202'
Driver info: org.openqa.selenium.chrome.ChromeDriver
Capabilities {acceptInsecureCerts: false, browserName: chrome, browserVersion: 83.0.4103.106, chrome: {chromedriverVersion: 83.0.4103.39 (ccbf011cb2d2b..., userDataDir: C:\Users\varsh\AppData\Loca...}, goog:chromeOptions: {debuggerAddress: localhost:60501}, javascriptEnabled: true, networkConnectionEnabled: false, pageLoadStrategy: normal, platform: WINDOWS, platformName: WINDOWS, proxy: Proxy(), setWindowRect: true, strictFileInteractability: false, timeouts: {implicit: 0, pageLoad: 300000, script: 30000}, unhandledPromptBehavior: dismiss and notify, webauthn:virtualAuthenticators: true}
Session ID: 30772c1b1c13486efbd1d8dd12020077
*** Element info: {Using=id, value=phHeaderLogoImage}]]>
            </message>
            <full-stacktrace>
              <![CDATA[org.openqa.selenium.NoSuchElementException: no such element: Unable to locate element: {"method":"css selector","selector":"#phHeaderLogoImage"}
  (Session info: chrome=83.0.4103.106)
For documentation on this error, please visit: https://www.seleniumhq.org/exceptions/no_such_element.html
Build info: version: '3.141.59', revision: 'e82be7d358', time: '2018-11-14T08:17:03'
System info: host: 'VARSHA', ip: '192.168.1.9', os.name: 'Windows 10', os.arch: 'amd64', os.version: '10.0', java.version: '1.8.0_202'
Driver info: org.openqa.selenium.chrome.ChromeDriver
Capabilities {acceptInsecureCerts: false, browserName: chrome, browserVersion: 83.0.4103.106, chrome: {chromedriverVersion: 83.0.4103.39 (ccbf011cb2d2b..., userDataDir: C:\Users\varsh\AppData\Loca...}, goog:chromeOptions: {debuggerAddress: localhost:60501}, javascriptEnabled: true, networkConnectionEnabled: false, pageLoadStrategy: normal, platform: WINDOWS, platformName: WINDOWS, proxy: Proxy(), setWindowRect: true, strictFileInteractability: false, timeouts: {implicit: 0, pageLoad: 300000, script: 30000}, unhandledPromptBehavior: dismiss and notify, webauthn:virtualAuthenticators: true}
Session ID: 30772c1b1c13486efbd1d8dd12020077
*** Element info: {Using=id, value=phHeaderLogoImage}
at sun.reflect.NativeConstructorAccessorImpl.newInstance0(Native Method)
at sun.reflect.NativeConstructorAccessorImpl.newInstance(Unknown Source)
at sun.reflect.DelegatingConstructorAccessorImpl.newInstance(Unknown Source)
at java.lang.reflect.Constructor.newInstance(Unknown Source)
at org.openqa.selenium.remote.http.W3CHttpResponseCodec.createException(W3CHttpResponseCodec.java:187)
at org.openqa.selenium.remote.http.W3CHttpResponseCodec.decode(W3CHttpResponseCodec.java:122)
at org.openqa.selenium.remote.http.W3CHttpResponseCodec.decode(W3CHttpResponseCodec.java:49)
at org.openqa.selenium.remote.HttpCommandExecutor.execute(HttpCommandExecutor.java:158)
at org.openqa.selenium.remote.service.DriverCommandExecutor.execute(DriverCommandExecutor.java:83)
at org.openqa.selenium.remote.RemoteWebDriver.execute(RemoteWebDriver.java:552)
at org.openqa.selenium.remote.RemoteWebDriver.findElement(RemoteWebDriver.java:323)
at org.openqa.selenium.remote.RemoteWebDriver.findElementById(RemoteWebDriver.java:372)
at org.openqa.selenium.By$ById.findElement(By.java:188)
at org.openqa.selenium.remote.RemoteWebDriver.findElement(RemoteWebDriver.java:315)
at org.openqa.selenium.support.pagefactory.DefaultElementLocator.findElement(DefaultElementLocator.java:69)
at org.openqa.selenium.support.pagefactory.internal.LocatingElementHandler.invoke(LocatingElementHandler.java:38)
at com.sun.proxy.$Proxy11.isDisplayed(Unknown Source)
at LoginTest.login.validateUserLogin(login.java:46)
at sun.reflect.NativeMethodAccessorImpl.invoke0(Native Method)
at sun.reflect.NativeMethodAccessorImpl.invoke(Unknown Source)
at sun.reflect.DelegatingMethodAccessorImpl.invoke(Unknown Source)
at java.lang.reflect.Method.invoke(Unknown Source)
at org.testng.internal.MethodInvocationHelper.invokeMethod(MethodInvocationHelper.java:135)
at org.testng.internal.TestInvoker.invokeMethod(TestInvoker.java:598)
at org.testng.internal.TestInvoker.invokeTestMethod(TestInvoker.java:174)
at org.testng.internal.MethodRunner.runInSequence(MethodRunner.java:46)
at org.testng.internal.TestInvoker$MethodInvocationAgent.invoke(TestInvoker.java:821)
at org.testng.internal.TestInvoker.invokeTestMethods(TestInvoker.java:147)
at org.testng.internal.TestMethodWorker.invokeTestMethods(TestMethodWorker.java:146)
at org.testng.internal.TestMethodWorker.run(TestMethodWorker.java:128)
at java.util.ArrayList.forEach(Unknown Source)
at org.testng.TestRunner.privateRun(TestRunner.java:767)
at org.testng.TestRunner.run(TestRunner.java:588)
at org.testng.SuiteRunner.runTest(SuiteRunner.java:384)
at org.testng.SuiteRunner.runSequentially(SuiteRunner.java:378)
at org.testng.SuiteRunner.privateRun(SuiteRunner.java:337)
at org.testng.SuiteRunner.run(SuiteRunner.java:286)
at org.testng.SuiteRunnerWorker.runSuite(SuiteRunnerWorker.java:53)
at org.testng.SuiteRunnerWorker.run(SuiteRunnerWorker.java:96)
at org.testng.TestNG.runSuitesSequentially(TestNG.java:1214)
at org.testng.TestNG.runSuitesLocally(TestNG.java:1136)
at org.testng.TestNG.runSuites(TestNG.java:1066)
at org.testng.TestNG.run(TestNG.java:1034)
at org.testng.remote.AbstractRemoteTestNG.run(AbstractRemoteTestNG.java:115)
at org.testng.remote.RemoteTestNG.initAndRun(RemoteTestNG.java:251)
at org.testng.remote.RemoteTestNG.main(RemoteTestNG.java:77)
]]>
            </full-stacktrace>
          </exception> <!-- org.openqa.selenium.NoSuchElementException -->
          <reporter-output>
          </reporter-output>
        </test-method> <!-- validateUserLogin -->
        <test-method status="PASS" signature="closeBrowser()[pri:0, instance:LoginTest.login@276438c9]" name="closeBrowser" is-config="true" duration-ms="92" started-at="2020-06-19T17:40:54 PDT" finished-at="2020-06-19T17:40:54 PDT">
          <reporter-output>
          </reporter-output>
        </test-method> <!-- closeBrowser -->
      </class> <!-- LoginTest.login -->
    </test> <!-- LoginTest -->
    <test name="SetupTest" duration-ms="12674" started-at="2020-06-19T17:40:54 PDT" finished-at="2020-06-19T17:41:07 PDT">
      <class name="SetupTest.setup">
        <test-method status="PASS" signature="launchApp()[pri:0, instance:SetupTest.setup@1dd02175]" name="launchApp" is-config="true" duration-ms="6660" started-at="2020-06-19T17:40:54 PDT" finished-at="2020-06-19T17:41:01 PDT">
          <reporter-output>
          </reporter-output>
        </test-method> <!-- launchApp -->
        <test-method status="PASS" signature="userAccount(java.lang.String, java.lang.String)[pri:0, instance:SetupTest.setup@1dd02175]" name="userAccount" duration-ms="5917" started-at="2020-06-19T17:41:01 PDT" data-provider="userData" finished-at="2020-06-19T17:41:07 PDT">
          <params>
            <param index="0">
              <value>
                <![CDATA[varsha.ks@salesforce.com]]>
              </value>
            </param>
            <param index="1">
              <value>
                <![CDATA[test@123]]>
              </value>
            </param>
          </params>
          <reporter-output>
          </reporter-output>
        </test-method> <!-- userAccount -->
        <test-method status="PASS" signature="closeBrowser()[pri:0, instance:SetupTest.setup@1dd02175]" name="closeBrowser" is-config="true" duration-ms="93" started-at="2020-06-19T17:41:07 PDT" finished-at="2020-06-19T17:41:07 PDT">
          <reporter-output>
          </reporter-output>
        </test-method> <!-- closeBrowser -->
      </class> <!-- SetupTest.setup -->
    </test> <!-- SetupTest -->
    <test name="Logout" duration-ms="13197" started-at="2020-06-19T17:41:07 PDT" finished-at="2020-06-19T17:41:20 PDT">
      <class name="LoginTest.login">
        <test-method status="PASS" signature="setting_log4j()[pri:0, instance:LoginTest.login@276438c9]" name="setting_log4j" is-config="true" duration-ms="26" started-at="2020-06-19T17:40:44 PDT" finished-at="2020-06-19T17:40:44 PDT">
          <reporter-output>
          </reporter-output>
        </test-method> <!-- setting_log4j -->
      </class> <!-- LoginTest.login -->
      <class name="SetupTest.setup">
        <test-method status="PASS" signature="setting_log4j()[pri:0, instance:SetupTest.setup@1dd02175]" name="setting_log4j" is-config="true" duration-ms="1" started-at="2020-06-19T17:40:44 PDT" finished-at="2020-06-19T17:40:44 PDT">
          <reporter-output>
          </reporter-output>
        </test-method> <!-- setting_log4j -->
      </class> <!-- SetupTest.setup -->
      <class name="LogoutTest.logout">
        <test-method status="PASS" signature="setting_log4j()[pri:0, instance:LogoutTest.logout@3444d69d]" name="setting_log4j" is-config="true" duration-ms="1" started-at="2020-06-19T17:40:44 PDT" finished-at="2020-06-19T17:40:44 PDT">
          <reporter-output>
          </reporter-output>
        </test-method> <!-- setting_log4j -->
        <test-method status="PASS" signature="launchApp()[pri:0, instance:LogoutTest.logout@3444d69d]" name="launchApp" is-config="true" duration-ms="6731" started-at="2020-06-19T17:41:07 PDT" finished-at="2020-06-19T17:41:14 PDT">
          <reporter-output>
          </reporter-output>
        </test-method> <!-- launchApp -->
        <test-method status="PASS" signature="userLogout(java.lang.String, java.lang.String)[pri:0, instance:LogoutTest.logout@3444d69d]" name="userLogout" duration-ms="6383" started-at="2020-06-19T17:41:14 PDT" data-provider="userData" finished-at="2020-06-19T17:41:20 PDT">
          <params>
            <param index="0">
              <value>
                <![CDATA[varsha.ks@salesforce.com]]>
              </value>
            </param>
            <param index="1">
              <value>
                <![CDATA[test@123]]>
              </value>
            </param>
          </params>
          <reporter-output>
          </reporter-output>
        </test-method> <!-- userLogout -->
        <test-method status="PASS" signature="closeBrowser()[pri:0, instance:LogoutTest.logout@3444d69d]" name="closeBrowser" is-config="true" duration-ms="80" started-at="2020-06-19T17:41:20 PDT" finished-at="2020-06-19T17:41:20 PDT">
          <reporter-output>
          </reporter-output>
        </test-method> <!-- closeBrowser -->
      </class> <!-- LogoutTest.logout -->
    </test> <!-- Logout -->
  </suite> <!-- Suite -->
</testng-results>
